**********************
Windows PowerShell transcript start
Start time: 20241227045314
Username: AMBMAIN\aaron
RunAs User: AMBMAIN\aaron
Configuration Name: 
Machine: AMBMAIN (Microsoft Windows NT 10.0.26120.0)
Host Application: powershell -file apply-fixes.ps1
Process ID: 26388
PSVersion: 5.1.26100.2200
PSEdition: Desktop
PSCompatibleVersions: 1.0, 2.0, 3.0, 4.0, 5.0, 5.1.26100.2200
BuildVersion: 10.0.26100.2200
CLRVersion: 4.0.30319.42000
WSManStackVersion: 3.0
PSRemotingProtocolVersion: 2.3
SerializationVersion: 1.1.0.1
**********************
Transcript started, output file is patch-fixes_20241227_045313.log
Starting modifications at 12/27/2024 04:53:14
=============================
=============================
Completed modifications at 12/27/2024 04:53:14
File statistics copied to clipboard:
{
    "MainWindow.xaml.cs":  {
                               "Lines":  317,
                               "MD5":  "DF795FC780DD80797DEAC3ED41CE1DCB",
                               "Words":  915
                           }
}
**********************
Windows PowerShell transcript end
End time: 20241227045314
**********************
